* using log directory ‘/bmbl_data/yuzhou/collaborative/Sizun_lab/INDEPTH/SGCC/_export/BioGSP/..Rcheck’
* using R version 4.4.2 (2024-10-31)
* using platform: x86_64-redhat-linux-gnu
* R was compiled by
    gcc (GCC) 8.5.0 20210514 (Red Hat 8.5.0-22)
    GNU Fortran (GCC) 8.5.0 20210514 (Red Hat 8.5.0-22)
* running under: Red Hat Enterprise Linux 8.10 (Ootpa)
* using session charset: UTF-8
* using option ‘--as-cran’
* checking for file ‘./DESCRIPTION’ ... OK
* checking extension type ... Package
* this is package ‘BioGSP’ version ‘1.0.0’
* package encoding: UTF-8
* checking CRAN incoming feasibility ... [4s/14s] NOTE
Maintainer: ‘Yuzhou Chang <yuzhou.chang@osumc.edu>’

New submission

Package has a VignetteBuilder field but no prebuilt vignette index.

The build time stamp is missing.
* checking package namespace information ... OK
* checking package dependencies ... OK
* checking if this is a source package ... NOTE
Subdirectory ‘BioGSP.Rcheck/BioGSP’ seems to contain an installed version of the package.
* checking if there is a namespace ... OK
* checking for executable files ... WARNING
Found the following executable files:
  .git/objects/00/2f94e183da3c52a238caa33e83173b9f184d4e
  .git/objects/01/55455c2f1aba92a10d2f168351e254bc4c058c
  .git/objects/02/bec964428e6aa98e7751db92b8e8f84f64865d
  .git/objects/03/75a47824f856b10793fcf40e43e0d64e743df9
  .git/objects/03/de8e36db5f29624c644dea73e20710e60f671d
  .git/objects/04/dcdc3a10bdbeca07b6a5629f677b83c6553d54
  .git/objects/05/dd4c149216edf2f999177cdea2d6832f47e027
  .git/objects/09/08ff98bca259ddbf35d18213361c6b10880115
  .git/objects/09/6501009d11bf9bfd40e05afdabdf317ebbeb6c
  .git/objects/09/7538eb07583db92316019bad4d83a3ad7c4933
  .git/objects/0a/827501f2a9ca43a080fda39d417a9b40cbc32a
  .git/objects/0c/9abcca326df561bb4114634b49ead97b3830c8
  .git/objects/0d/283e192165ea4d3a65547c9fd955fd1f214750
  .git/objects/13/c9886ac45be4a23f00a6b817fbca876eb2dd21
  .git/objects/14/079f13ca53a3d3320a94a24a10d9b95871f4ca
  .git/objects/14/700107cbec58107160aededca271c29cc77806
  .git/objects/14/da540b527ffb665fcb9de8a6a790ccd3cc2507
  .git/objects/15/0a4e7117889920cf0df2c507a6ccf071c59d37
  .git/objects/15/650d8f983280d1de6f44bd1b647b6d0a134247
  .git/objects/15/79e8e71402b580ad4608cbdf34f8fa8dc0ba3f
  .git/objects/17/3b4777a38a8a4684406c1467a8c3ac331bb7af
  .git/objects/17/ace48b2ce0eb4115483dc4ab9c2fa09aefd7eb
  .git/objects/19/916bb04f2b9be9c0b5148ac779cf88f494858e
  .git/objects/19/cab29d52a1b6fbdbe2696fa25a16685a66ad1f
  .git/objects/1d/f6b1ac9ef0d6845968b394c55e00a3ffe93796
  .git/objects/1e/fb0c10791bf83c33794d9345c0c63b9c93c803
  .git/objects/1f/5ff077c5bed361f4cc4122ca168ccf1d639a82
  .git/objects/21/f111bde156ab0657991b97fb2102ff02453829
  .git/objects/22/2c885a6b57bf7514372bc745135700dc29a6e7
  .git/objects/22/e3f855674f933f1f03262e8aee9f95bef4d354
  .git/objects/24/f04cd4d38039d39a3bd74aa306d34c4615c5c8
  .git/objects/24/f87fea16c66915f78cdf94fa949a3b55d7049f
  .git/objects/25/8e8c401942c5dc278bf9085066801320387e28
  .git/objects/25/92d0ad8a7121cea35d6dea36c44f7404cb55a8
  .git/objects/29/d8c5e764c740a82ff62e88317a2d03b14165f9
  .git/objects/2a/6ab7ab0abb69f7491f2075cb292ef9fd44e540
  .git/objects/2b/2fa344425d1b1fa07bb9f2ce0f1ccb74f091a9
  .git/objects/2c/2a8dc582ae7a7a3d34280ec566df4308a18fcd
  .git/objects/2c/af2b1350216f8c36b663784dc9998f8cd6a409
  .git/objects/2c/e9f3123905d898c26f116d7f49e8acd9c22300
  .git/objects/2c/fca3de9e7e45f774550dd4bb94cf1ae7d7c893
  .git/objects/30/2d4bf01a6a01ff71b19414cd42e738561ba99f
  .git/objects/30/cbb76969374dd7339a30af770ce0ec02e5be73
  .git/objects/31/10e285540b2e879342c199ad6ddc6051d05450
  .git/objects/31/4c907c94d5c42cea8ffe950ba19fa9da91646d
  .git/objects/31/54f10a085c15e68262ce8c9251cb9c797e7195
  .git/objects/31/7f704188c9e65a71d81693336936b6fed14d1c
  .git/objects/32/be5bde0f6f262e29d776eedec27ef2ea32d9ee
  .git/objects/33/0c31c5484b36f062895a7aadbd37d9b0ee8f05
  .git/objects/33/4bc04146cecde248ce9dfe99f27d6b5d653119
  .git/objects/33/9390bd99ee0899122b0188c67a12b149dbb94c
  .git/objects/37/2f272542ff30ccc868442ad3b5ccde435e1bdf
  .git/objects/37/624053e47a6cacdd11b5d8da5f1b8df3fb8945
  .git/objects/38/15c304ed31e1718a04c814b01018301c1184f4
  .git/objects/38/291c459114661b6816fd30b33521195e736ea7
  .git/objects/38/31edf623c6ce30e8dce74e85ba0a7953d07668
  .git/objects/39/4c9a1df9dd97e7133c7757965014d1e03f07e3
  .git/objects/3a/d9548f3a5c562ea6a263ea27ef17a3987c205e
  .git/objects/3b/42ea05048b5de2b9b16e3af6e61af54d6e7f4c
  .git/objects/3d/1f0e791904d899873bea66e5d521ecabe69004
  .git/objects/3e/cd7b92c3c475af7a36a6785e4e2b639d3569e9
  .git/objects/3f/4254362eb9c64f789390557b23b576683d9636
  .git/objects/3f/bc28ab4ff50608c31440559b51e1f2694f6a7e
  .git/objects/41/d94673914406ecfa164ab8bfbc0d7c2d800f59
  .git/objects/42/27d6b099a2052158d738b4642000a499840679
  .git/objects/42/6f2ceb488e747ab7d6bbbe59ff6830347685b0
  .git/objects/43/d4d227e584d1d39f6ab40b08fc490283d44b13
  .git/objects/44/f0e0601311131fc4803cbe3d5fcf2525162e56
  .git/objects/45/345d55bfc1ec48d82e05870262ea53824aaf96
  .git/objects/46/c8fcf3a833a58b4ec98a35704c8c7e16e66d68
  .git/objects/47/91f56b05e56456b27cf5859471208cd33c8ba9
  .git/objects/48/731085cbfc19168a0a1f618aeb918894d46e67
  .git/objects/4a/a16766911882031cc6b3e625151fe9ca3a7333
  .git/objects/4b/db1408be2ef687385468fe91ed820387b36e92
  .git/objects/4c/d9612af32bae0bb2c5999a552061e5be54fd8e
  .git/objects/4d/45579827db1db8a9c6cacf96a6387a495ca5b9
  .git/objects/4d/c8e388368f2f8de2904e2426320fccca8da138
  .git/objects/4e/1fab96ca2c9cba80a63fd004e7f4b35f0f4d3d
  .git/objects/4e/2d87d765ad3efb0eeb0c49aed5573b474c7290
  .git/objects/4e/83437db68f62868c29e6e852e9dd97e8e1af81
  .git/objects/4f/6b86451b8f3b28161feffb7289b083bb116a9e
  .git/objects/50/8ac3720d5922e6fc6b316364b16acec5822177
  .git/objects/50/fdbd9fcc55f747d8901eac7449d1df8437a25e
  .git/objects/52/1cc67bd2f1ebf7ee7c794a51ebfde868850ffb
  .git/objects/52/3178d570dc501b2d6d47bd129a3fcfbb0c6a6c
  .git/objects/53/cb2acfc6db7fea784be30fac205082ddea6fce
  .git/objects/53/df0cadc20dd71d7843790a0b46f159aaeec191
  .git/objects/59/42cdd6951211487eef0d6d4a3eaa9cb416c6fb
  .git/objects/5a/2bcfec63d6c3cd55e69c84b05ae00fc3720aff
  .git/objects/5a/4089cd399f5e6b4ba4e70851fe1d0007c65949
  .git/objects/5a/87ad0450576fc8555d380e551f717f0082d517
  .git/objects/5b/7fc6902696b8abd87bbedcb886de9dd08ad534
  .git/objects/5e/227f1af38fb91e26bed7fbb6b26a3ac9993e6e
  .git/objects/5f/d1c8d7cd3fedc573ec97c43629da828c0f02f1
  .git/objects/64/5daaaf7b9fbb4555c5a8cd40e128bce70dbde0
  .git/objects/66/86156321de4dbdb52db7e32cd99961007f56e2
  .git/objects/66/ccd8a13f16743d06af53b6b51a697ae28d9c50
  .git/objects/69/5e8fa3a2829875e73ff6675ed61e0b0750f70f
  .git/objects/69/9e20423407eeea3033c70cdba720ae8d69674a
  .git/objects/69/f4011ec1bb2b2a29c174303eba9aa42fafb038
  .git/objects/69/f6c3d687def0cf8d2a8a5f94638720cf2c32d8
  .git/objects/6c/16c74a25dba1a15127849161feb9068858dfd4
  .git/objects/6c/584adae48d2870a0ede97ea4bdf9b9ef849fe4
  .git/objects/6c/bb8bcf7b4a38ee78aad7193258ad70657cbfca
  .git/objects/6c/c29e5edff8c2949c25ab9320184038fa9e9a34
  .git/objects/6e/8d5ff5d304b2dddf0bde35c99f1ad7778c27e9
  .git/objects/6f/1db5067c4364bc45371b52ce15319c11496e93
  .git/objects/6f/946fdc8666857706f32c04331d6659b8b568c5
  .git/objects/70/cc80d573ad39c24305781d4802321b2ba051ff
  .git/objects/73/84ea3a4249b6e413962cf77fb91a613cf29686
  .git/objects/74/436d7cac224aacaa35ef35fde97007466e56e3
  .git/objects/75/12faaad3e62ccda2144ff63c207f7d317d262c
  .git/objects/75/2a4deae556f3f947f1f9a47c9fef4982515a19
  .git/objects/76/95d5de8c25be6658e06350d6b70a6529490775
  .git/objects/77/6280ee522a134341ff965ddf0283a182b04a3d
  .git/objects/78/c64f59699dba93e2dce59311c824d2455ca61c
  .git/objects/7b/b1c9020969144459133ae3f95b3e802e6a0569
  .git/objects/7c/09d64506fb800b7a0b6e76ccdaff8c3618ef28
  .git/objects/7d/cf3eeed4bfdf26243f701bd9cee292450c91b8
  .git/objects/7e/34637f98c15cb637ba3fa185ddbe09f44959f6
  .git/objects/7e/34b396abddb91597588afa0038ce247328c295
  .git/objects/7f/c2366170c14d9d382c989c2bab6cb5c8e968b2
  .git/objects/80/07a4ac2c41e05cdcf4e1533a11e4d0ad379560
  .git/objects/81/ad4f3e2ca7884a5b2dd478b3536fbd0859e541
  .git/objects/83/036fd69a2cdc3742744bcb783ff6ba6063830d
  .git/objects/84/04998817f8697c3073e7e8fb079c46163ac375
  .git/objects/85/1867afa105ae804f8a6b75d0c7e759a01c4837
  .git/objects/85/226dc45102ce37d18b608e8edcf72bdbcef716
  .git/objects/87/01df2e45575ee53c7984e37d5af22b4ea94d1a
  .git/objects/88/5967c7e4939a6d91f97539ba0da39734ea84fa
  .git/objects/88/853a6f13b1cdef362242ae408974c72fb3444d
  .git/objects/89/eead5c7df5cad3492336e9cc6c7c27f85e4255
  .git/objects/8a/af62455e9cd160445b18ab97e2463d0640e448
  .git/objects/8a/f9aa497b23ebaa26270f34ed325af8ff77eacf
  .git/objects/8d/30ee3518bd06b3bb4238347000e504ebc50fec
  .git/objects/8e/83f35971323700a246f3102b330b759ca067c1
  .git/objects/8e/ba2f3e9f1f0d49981241cc84ba21ed85a9fb72
  .git/objects/8e/e2e9a8de0ed5901b7dd52981291b7016718db9
  .git/objects/8f/12061e795de38d92de7817f8a138a4bd2f0c4d
  .git/objects/91/6e48a49d1109bb5479152a4e9fcc4f7922017e
  .git/objects/91/8d2c741a064c8c6a35b1012401557eaa11a1ef
  .git/objects/92/3e45d6b54139ceca973f34095fd6ea288faeba
  .git/objects/92/4a5410951ac0a064a716f1f1dd2945a7879d0d
  .git/objects/93/f7c8a46ab07dbab3da59693dd7c3ae9e07a846
  .git/objects/94/f08880d54cf45feb79dc295ad8144af03cc317
  .git/objects/96/8c99741c075c604e7bdbaf70169407a27b3204
  .git/objects/97/1ff8dbf63f03070893e0bdbf685e868586d5a8
  .git/objects/99/ee37700fba5878b9f647945d7879162271888d
  .git/objects/9a/3d700f1f3bb2175735918d0648cc2e1a2e6028
  .git/objects/9b/145e21baf50e6f2d9076105a4e440424689c2b
  .git/objects/9d/9e3f334a50379f062fc54e652802c29f45fcbb
  .git/objects/a0/df77953f04af04197e511ef67827bbedac4943
  .git/objects/a2/56d2910ed75ec8477ab2935c08a65bf7f5089e
  .git/objects/a2/6ff6f081ebaa1cda31e73ba1a4aefa06e5d41f
  .git/objects/a3/c5b6472e0e0a64fc5d2f6ec2436d7577d729d4
  .git/objects/a3/c74a10a9cb8061033b0f78a6a6d480ec46c87e
  .git/objects/a4/5fc1c5d46f6959ae8a2da75480f2a460642de7
  .git/objects/a4/93e0b3a3f4794e6f859d2e5916737d9a7c0d52
  .git/objects/a6/59f0ac70a6897a9d7f9f3d20b173d26d55e913
  .git/objects/a6/8fd0854ac7680e24b1cdd2786ed4a24a2c556d
  .git/objects/a6/e983d173c7add3fe25ccd85d925d3895da6ac4
  .git/objects/a8/db65c0e8f0c1c089555e8a87462e201e29c636
  .git/objects/ac/30bd11642a922e3a80aa248e2037e7799882e5
  .git/objects/ac/97ed16535f3e21578780e27c11f97a60afcfe6
  .git/objects/ae/b4d31251a7e1839c0b89c721b4dc211b954e40
  .git/objects/b0/538ed603d760b05a887f94a956a7184b47a528
  .git/objects/b4/588bb35afe68fbdf94a7a75eef28746e3fb1ac
  .git/objects/b5/b51668a957ba6df21ae5a4e54e8d1bca16ddfc
  .git/objects/b8/1919b94d994d60b72cdea33c4028f7ec049b82
  .git/objects/b8/213074073e73961686b4076bb3d19842e833ca
  .git/objects/b9/2d69059ae23c4fe9d7035f2bfc4d9af42028cc
  .git/objects/b9/2f4ab4b99fc984e70501f87565e44ad906823e
  .git/objects/b9/f4d539f383ae2c3bc1b404e145c280cc42d3c9
  .git/objects/ba/92ac7ee186b916944bdaabfb37bf03a0353552
  .git/objects/be/18364102732281a6e95e1e4f37ecd0ef1ad89d
  .git/objects/c0/1ff5e929cb21df77f2ca905d111eb87b407b30
  .git/objects/c2/289098f8766dc321ac993cb82ca0f449b20d81
  .git/objects/c3/859fd4ebc3ef480aaac8ffd1cb67cdf60e6a8b
  .git/objects/c4/72d407a5b5b3ce6cdda0b9f0e43f85df5b5baa
  .git/objects/c4/acf084924c53fda8bc3d9dff676f014b18b4ef
  .git/objects/c5/5656202854777e4141ef77fd82e563afeef9b9
  .git/objects/c8/15126de1e67ed41842f2928c51b900880d33ae
  .git/objects/ca/7cd275660ca66bf6141c32a0d8c7d456fe22d3
  .git/objects/cb/1ebe629c2daf5ccea1d8dfd6818e4d674ad2b4
  .git/objects/cd/291fba2bdcbb72e84f2c55f644c6ddd2183526
  .git/objects/ce/914366ec2f0f25e8e847f2a8859b75c3f35fea
  .git/objects/d0/40499c3468f743146e7960660218d5f164fecc
  .git/objects/d4/151e73b4d7c5afc10b983848e46352b0e01ebc
  .git/objects/d6/0b04d0257d331f8cdbcf155eca38440a94164b
  .git/objects/d6/ae075be65160acbac21f03bdf74633700fbe36
  .git/objects/d6/fa7ac2fbca263adfd97003bfd03405d3df9760
  .git/objects/d7/32ee914f403daeb7b34a1950c597f197c6a6ba
  .git/objects/d7/374ddeec7939a967f7478ac585fb6020690aee
  .git/objects/d7/56f63550d67e7944d287647377a64a6b368bef
  .git/objects/d9/131f3865a6f4d1080e727737dc4a652db922f3
  .git/objects/d9/24403531b065efdce98fb63a8f313145ffe4ea
  .git/objects/dc/315e6592a8919f0fd06d18a7fa0a49fc51e745
  .git/objects/dc/327120ec756c77678331b3efd2478ff121d562
  .git/objects/e0/26a9a4061c32d1a199edb3e6301f3d1cf4ce91
  .git/objects/e1/230971e9eab6fb01bdbf9615bbe7fdcd575838
  .git/objects/e1/2a5abe50411e508f2da209ef56a28f49d1b6df
  .git/objects/e3/a741a3418ee370679564fcfd1df9bec782f6e4
  .git/objects/e4/955a581d846ad89d8d224b51b9fce5d2c9f0cd
  .git/objects/e5/bb781b0925332db856ca2766f2e96c8d2cd17a
  .git/objects/e6/0d6093212df263c692df004f7acce47006730d
  .git/objects/e6/9de29bb2d1d6434b8b29ae775ad8c2e48c5391
  .git/objects/e7/8821d05796d7fa7374a05988eb831e280f4e5a
  .git/objects/e8/1ba0d26b8eff332b0419f250db880c2bb93df8
  .git/objects/e8/6885fdc0a12ca9a43da670134c4b196a745d61
  .git/objects/e8/991f2618d229b150e37137c0843e9ef57541ad
  .git/objects/ea/56b530e97643e4178bc992bebfc616aa5367b9
  .git/objects/ed/2d6c6b42ae41c164bc730513f66325759d2ea5
  .git/objects/ed/8aacfa60a48d0c62ccdd161da78266fc76c808
  .git/objects/ef/b5ddb0f33a2695bd885b41323cd1513d8a5887
  .git/objects/f0/01c16dd77ef74eb8be03342626cf451390a7b4
  .git/objects/f0/4a8a492de574b04b9300f4e8988b24b7af7385
  .git/objects/f0/d986806b1ca92ec6f9aab1013a977208a0fbd0
  .git/objects/f0/ee80047e2612cf9308b0884ceedea8f158a797
  .git/objects/f1/6e126d1e295d3180c5f0250e3fbf7e691b50ce
  .git/objects/f2/139083c34be7560d5261ec6d7612a3131ec596
  .git/objects/f2/13ee898a1a36ba323605ea5a9b8fce6302fe3b
  .git/objects/f2/7f74dc057560e22863566054f94e03e47487fa
  .git/objects/f2/b3f70d55aa2d4f9c56416f85c3805fecff87cd
  .git/objects/f3/6d558b9b66a1606fe1db5f80becf6029901c3b
  .git/objects/f5/86b27413ea6ec5c3455d45720c8edfb27437f9
  .git/objects/f7/13730329f73c5fafde7d89e1270c0659eeff55
  .git/objects/f7/81f1c7dd982cbd5f961f8ae964fdfc5dd317d3
  .git/objects/f7/aafed2897ab31be83aa6efbcae5e3be6a84773
  .git/objects/f8/c1aac3e3abf376ed4b63318fb413f6dae25538
  .git/objects/f9/b9b7bd23d2488f6b4eaea6a612a3645d6e3674
  .git/objects/fa/1705058b4128c16fd2fd978ae1ad5718eaff89
  .git/objects/fa/53dfd834b4810c356472b79fc49208609ad11a
  .git/objects/fb/76385196f450f12bbc7aad5f0ff4deb07d71d6
  .git/objects/fd/c1b2fe0337eab5bb6f27118a3068d4c0fd03c5
  .git/objects/fe/56d3958c0a89c3071970333393dd2fc1b57436
  .git/objects/ff/6a18207d6e39c037684e2ed391805132b8aa8f
Source packages should not contain undeclared executable files.
See section ‘Package structure’ in the ‘Writing R Extensions’ manual.
* checking for hidden files and directories ... NOTE
Found the following hidden files and directories:
  ..Rcheck
  .cursor
  .git
  .github
These were most likely included in error. See section ‘Package
structure’ in the ‘Writing R Extensions’ manual.

CRAN-pack does not know about
  ..Rcheck
  .cursor
  .git
  .github
* checking for portable file names ... OK
* checking for sufficient/correct file permissions ... OK
* checking whether package ‘BioGSP’ can be installed ... OK
* checking installed package size ... OK
* checking package directory ... OK
* checking for future file timestamps ... NOTE
unable to verify current time
* checking DESCRIPTION meta-information ... NOTE
Checking should be performed on sources prepared by ‘R CMD build’.
* checking top-level files ... NOTE
Non-standard files/directories found at top level:
  ‘BioGSP.Rcheck’ ‘BioGSP_1.0.0.tar.gz’
* checking for left-over files ... OK
* checking index information ... OK
* checking package subdirectories ... WARNING
Found the following directories with names of check directories:
  ./..Rcheck
  ./BioGSP.Rcheck
Most likely, these were included erroneously.
Found the following directory with the name of a version control directory:
  ./.git
These should not be in a package tarball.
* checking code files for non-ASCII characters ... OK
* checking R files for syntax errors ... OK
* checking whether the package can be loaded ... OK
* checking whether the package can be loaded with stated dependencies ... OK
* checking whether the package can be unloaded cleanly ... OK
* checking whether the namespace can be loaded with stated dependencies ... OK
* checking whether the namespace can be unloaded cleanly ... OK
* checking loading without being on the library search path ... OK
* checking use of S3 registration ... OK
* checking dependencies in R code ... OK
* checking S3 generic/method consistency ... OK
* checking replacement functions ... OK
* checking foreign function calls ... OK
* checking R code for possible problems ... OK
* checking Rd files ... OK
* checking Rd metadata ... OK
* checking Rd line widths ... OK
* checking Rd cross-references ... OK
* checking for missing documentation entries ... OK
* checking for code/documentation mismatches ... WARNING
Variables with usage in Rd file 'codex_toy_data.Rd' but not in code:
  ‘codex_toy_data’

* checking Rd \usage sections ... OK
* checking Rd contents ... OK
* checking for unstated dependencies in examples ... OK
* checking contents of ‘data’ directory ... OK
* checking data for non-ASCII characters ... OK
* checking data for ASCII and uncompressed saves ... WARNING
  
  Note: significantly better compression could be obtained
        by using R CMD build --resave-data
                     old_size new_size compress
  codex_toy_data.rda    371Kb    269Kb       xz
 WARNING
‘qpdf’ is needed for checks on size reduction of PDFs
* checking installed files from ‘inst/doc’ ... OK
* checking files in ‘vignettes’ ... OK
* checking examples ... OK
* checking for unstated dependencies in vignettes ... OK
* checking package vignettes ... WARNING
Failed to locate ‘weave’ output file ‘BioGSP_Tutorial.pdf’ or ‘BioGSP_Tutorial.html’ for vignette with name ‘BioGSP_Tutorial’ and engine ‘knitr::rmarkdown’. The following files exist in working directory ‘/bmbl_data/yuzhou/collaborative/Sizun_lab/INDEPTH/SGCC/_export/BioGSP/inst/doc’: ‘sgwt_introduction.md’ (7334 bytes)Failed to locate ‘weave’ output file ‘biogsp_introduction.pdf’ or ‘biogsp_introduction.html’ for vignette with name ‘biogsp_introduction’ and engine ‘knitr::rmarkdown’. The following files exist in working directory ‘/bmbl_data/yuzhou/collaborative/Sizun_lab/INDEPTH/SGCC/_export/BioGSP/inst/doc’: ‘sgwt_introduction.md’ (7334 bytes)
Package vignettes without corresponding single PDF/HTML:
  ‘BioGSP_Tutorial.Rmd’
  ‘biogsp_introduction.Rmd’
Package vignettes without corresponding tangle output:
  ‘BioGSP_Tutorial.Rmd’
  ‘biogsp_introduction.Rmd’
* checking re-building of vignette outputs ... OK
* checking PDF version of manual ... OK
* checking HTML version of manual ... OK
* checking for non-standard things in the check directory ... OK
* checking for detritus in the temp directory ... OK
* DONE
Status: 6 WARNINGs, 6 NOTEs
